[2026-06-21 17:39:25] User aayan created
[2026-06-21 17:39:31] User aayan locked
[2026-06-21 17:39:40] User aayan unlocked
[2026-06-21 17:39:54] User aayan deleted
[2026-06-21 17:41:55] hello
[2026-06-21 17:42:57] hello
[2026-06-21 17:43:38] hello
[2026-06-21 17:43:53] hello
[2026-06-21 17:44:27] hello
[2026-06-21 17:44:43] hello
[2026-06-21 17:45:50] hello
[2026-06-21 17:45:52] hello
[2026-06-21 17:46:10] User aayan created
[2026-06-21 17:52:52] hello
[2026-06-21 17:52:57] hello
[2026-06-21 17:53:14] User yasin created
[2026-06-21 17:53:30] User yasin deleted
[2026-06-21 17:53:40] User aayan locked
[2026-06-21 17:53:53] User aayan unlocked
[2026-06-21 17:54:02] User aayan deleted
[2026-06-21 17:54:17] hello
[2026-06-21 22:52:33] Script Started
[2026-06-21 22:52:52] User ayaan created
[2026-06-21 22:53:03] User ayaan locked
[2026-06-21 22:53:10] User ayaan unlocked
[2026-06-21 22:53:24] User ayaan deleted
